2017-04-17 15:50:29,441 - Refreshing org.springframework.context.support.ClassPathXmlApplicationContext@544c2fa2: startup date [Mon Apr 17 15:50:29 CST 2017]; root of context hierarchy
2017-04-17 15:50:29,496 - Loading XML bean definitions from class path resource [bean.xml]
2017-04-17 15:50:29,925 - Ignored XML validation warning
org.xml.sax.SAXParseException; lineNumber: 24; columnNumber: 44; schema_reference.4: 无法读取方案文档 'http://www.github.wenbo2018.com/schema/fox-service-1.0.xsd', 原因为 1) 无法找到文档; 2) 无法读取文档; 3) 文档的根元素不是 <xsd:schema>。
	at com.sun.org.apache.xerces.internal.util.ErrorHandlerWrapper.createSAXParseException(ErrorHandlerWrapper.java:198)
	at com.sun.org.apache.xerces.internal.util.ErrorHandlerWrapper.warning(ErrorHandlerWrapper.java:99)
	at com.sun.org.apache.xerces.internal.impl.XMLErrorReporter.reportError(XMLErrorReporter.java:433)
	at com.sun.org.apache.xerces.internal.impl.XMLErrorReporter.reportError(XMLErrorReporter.java:347)
	at com.sun.org.apache.xerces.internal.impl.xs.traversers.XSDHandler.reportSchemaErr(XSDHandler.java:4166)
	at com.sun.org.apache.xerces.internal.impl.xs.traversers.XSDHandler.reportSchemaWarning(XSDHandler.java:4157)
	at com.sun.org.apache.xerces.internal.impl.xs.traversers.XSDHandler.getSchemaDocument1(XSDHandler.java:2490)
	at com.sun.org.apache.xerces.internal.impl.xs.traversers.XSDHandler.getSchemaDocument(XSDHandler.java:2187)
	at com.sun.org.apache.xerces.internal.impl.xs.traversers.XSDHandler.parseSchema(XSDHandler.java:573)
	at com.sun.org.apache.xerces.internal.impl.xs.XMLSchemaLoader.loadSchema(XMLSchemaLoader.java:617)
	at com.sun.org.apache.xerces.internal.impl.xs.XMLSchemaValidator.findSchemaGrammar(XMLSchemaValidator.java:2453)
	at com.sun.org.apache.xerces.internal.impl.xs.XMLSchemaValidator.handleStartElement(XMLSchemaValidator.java:1772)
	at com.sun.org.apache.xerces.internal.impl.xs.XMLSchemaValidator.emptyElement(XMLSchemaValidator.java:766)
	at com.sun.org.apache.xerces.internal.impl.XMLNSDocumentScannerImpl.scanStartElement(XMLNSDocumentScannerImpl.java:356)
	at com.sun.org.apache.xerces.internal.impl.XMLDocumentFragmentScannerImpl$FragmentContentDriver.next(XMLDocumentFragmentScannerImpl.java:2786)
	at com.sun.org.apache.xerces.internal.impl.XMLDocumentScannerImpl.next(XMLDocumentScannerImpl.java:606)
	at com.sun.org.apache.xerces.internal.impl.XMLNSDocumentScannerImpl.next(XMLNSDocumentScannerImpl.java:117)
	at com.sun.org.apache.xerces.internal.impl.XMLDocumentFragmentScannerImpl.scanDocument(XMLDocumentFragmentScannerImpl.java:510)
	at com.sun.org.apache.xerces.internal.parsers.XML11Configuration.parse(XML11Configuration.java:848)
	at com.sun.org.apache.xerces.internal.parsers.XML11Configuration.parse(XML11Configuration.java:777)
	at com.sun.org.apache.xerces.internal.parsers.XMLParser.parse(XMLParser.java:141)
	at com.sun.org.apache.xerces.internal.parsers.DOMParser.parse(DOMParser.java:243)
	at com.sun.org.apache.xerces.internal.jaxp.DocumentBuilderImpl.parse(DocumentBuilderImpl.java:347)
	at org.springframework.beans.factory.xml.DefaultDocumentLoader.loadDocument(DefaultDocumentLoader.java:75)
	at org.springframework.beans.factory.xml.XmlBeanDefinitionReader.doLoadBeanDefinitions(XmlBeanDefinitionReader.java:388)
	at org.springframework.beans.factory.xml.XmlBeanDefinitionReader.loadBeanDefinitions(XmlBeanDefinitionReader.java:334)
	at org.springframework.beans.factory.xml.XmlBeanDefinitionReader.loadBeanDefinitions(XmlBeanDefinitionReader.java:302)
	at org.springframework.beans.factory.support.AbstractBeanDefinitionReader.loadBeanDefinitions(AbstractBeanDefinitionReader.java:174)
	at org.springframework.beans.factory.support.AbstractBeanDefinitionReader.loadBeanDefinitions(AbstractBeanDefinitionReader.java:209)
	at org.springframework.beans.factory.support.AbstractBeanDefinitionReader.loadBeanDefinitions(AbstractBeanDefinitionReader.java:180)
	at org.springframework.beans.factory.support.AbstractBeanDefinitionReader.loadBeanDefinitions(AbstractBeanDefinitionReader.java:243)
	at org.springframework.context.support.AbstractXmlApplicationContext.loadBeanDefinitions(AbstractXmlApplicationContext.java:127)
	at org.springframework.context.support.AbstractXmlApplicationContext.loadBeanDefinitions(AbstractXmlApplicationContext.java:93)
	at org.springframework.context.support.AbstractRefreshableApplicationContext.refreshBeanFactory(AbstractRefreshableApplicationContext.java:131)
	at org.springframework.context.support.AbstractApplicationContext.obtainFreshBeanFactory(AbstractApplicationContext.java:527)
	at org.springframework.context.support.AbstractApplicationContext.refresh(AbstractApplicationContext.java:441)
	at org.springframework.context.support.ClassPathXmlApplicationContext.<init>(ClassPathXmlApplicationContext.java:139)
	at org.springframework.context.support.ClassPathXmlApplicationContext.<init>(ClassPathXmlApplicationContext.java:83)
	at com.github.wenbo2018.fox.demo.server.TestServer.main(TestServer.java:10)
Caused by: java.net.UnknownHostException: www.github.wenbo2018.com
	at java.net.AbstractPlainSocketImpl.connect(AbstractPlainSocketImpl.java:178)
	at java.net.PlainSocketImpl.connect(PlainSocketImpl.java:172)
	at java.net.SocksSocketImpl.connect(SocksSocketImpl.java:392)
	at java.net.Socket.connect(Socket.java:579)
	at java.net.Socket.connect(Socket.java:528)
	at sun.net.NetworkClient.doConnect(NetworkClient.java:180)
	at sun.net.www.http.HttpClient.openServer(HttpClient.java:432)
	at sun.net.www.http.HttpClient.openServer(HttpClient.java:527)
	at sun.net.www.http.HttpClient.<init>(HttpClient.java:211)
	at sun.net.www.http.HttpClient.New(HttpClient.java:308)
	at sun.net.www.http.HttpClient.New(HttpClient.java:326)
	at sun.net.www.protocol.http.HttpURLConnection.getNewHttpClient(HttpURLConnection.java:997)
	at sun.net.www.protocol.http.HttpURLConnection.plainConnect(HttpURLConnection.java:933)
	at sun.net.www.protocol.http.HttpURLConnection.connect(HttpURLConnection.java:851)
	at sun.net.www.protocol.http.HttpURLConnection.getInputStream(HttpURLConnection.java:1301)
	at com.sun.org.apache.xerces.internal.impl.XMLEntityManager.setupCurrentEntity(XMLEntityManager.java:643)
	at com.sun.org.apache.xerces.internal.impl.XMLVersionDetector.determineDocVersion(XMLVersionDetector.java:189)
	at com.sun.org.apache.xerces.internal.impl.xs.opti.SchemaParsingConfig.parse(SchemaParsingConfig.java:582)
	at com.sun.org.apache.xerces.internal.impl.xs.opti.SchemaParsingConfig.parse(SchemaParsingConfig.java:685)
	at com.sun.org.apache.xerces.internal.impl.xs.opti.SchemaDOMParser.parse(SchemaDOMParser.java:530)
	at com.sun.org.apache.xerces.internal.impl.xs.traversers.XSDHandler.getSchemaDocument(XSDHandler.java:2175)
	... 31 more
2017-04-17 15:53:28,494 - Refreshing org.springframework.context.support.ClassPathXmlApplicationContext@1b0627a7: startup date [Mon Apr 17 15:53:28 CST 2017]; root of context hierarchy
2017-04-17 15:53:28,557 - Loading XML bean definitions from class path resource [bean.xml]
2017-04-17 15:53:28,915 - Pre-instantiating singletons in org.springframework.beans.factory.support.DefaultListableBeanFactory@26adcd34: defining beans [org.springframework.context.annotation.internalConfigurationAnnotationProcessor,org.springframework.context.annotation.internalAutowiredAnnotationProcessor,org.springframework.context.annotation.internalRequiredAnnotationProcessor,org.springframework.context.annotation.internalCommonAnnotationProcessor,helloService,userService,server1,foxService_1,foxService_2,org.springframework.context.annotation.ConfigurationClassPostProcessor$ImportAwareBeanPostProcessor#0]; root of factory hierarchy
2017-04-17 15:53:28,962 - serviceProxy:com.github.wenbo2018.fox.remoting.invoker.proxy.FilterRemotingServiceProxy@342c0de
2017-04-17 15:53:29,858 - start to initialize zookeeper client:202.38.214.166
2017-04-17 15:53:29,915 - maxRetries too large (2147483647). Pinning to 29
2017-04-17 15:53:30,101 - Starting
2017-04-17 15:53:30,119 - Client environment:zookeeper.version=3.4.6-1569965, built on 02/20/2014 09:09 GMT
2017-04-17 15:53:30,119 - Client environment:host.name=SKY-20150908HA1
2017-04-17 15:53:30,119 - Client environment:java.version=1.7.0_80
2017-04-17 15:53:30,119 - Client environment:java.vendor=Oracle Corporation
2017-04-17 15:53:30,119 - Client environment:java.home=D:\Program Files\Java\jdk1.7.0_80\jre
2017-04-17 15:53:30,119 - Client environment:java.class.path=D:\Program Files\Java\jdk1.7.0_80\jre\lib\charsets.jar;D:\Program Files\Java\jdk1.7.0_80\jre\lib\deploy.jar;D:\Program Files\Java\jdk1.7.0_80\jre\lib\ext\access-bridge-64.jar;D:\Program Files\Java\jdk1.7.0_80\jre\lib\ext\dnsns.jar;D:\Program Files\Java\jdk1.7.0_80\jre\lib\ext\jaccess.jar;D:\Program Files\Java\jdk1.7.0_80\jre\lib\ext\localedata.jar;D:\Program Files\Java\jdk1.7.0_80\jre\lib\ext\sunec.jar;D:\Program Files\Java\jdk1.7.0_80\jre\lib\ext\sunjce_provider.jar;D:\Program Files\Java\jdk1.7.0_80\jre\lib\ext\sunmscapi.jar;D:\Program Files\Java\jdk1.7.0_80\jre\lib\ext\zipfs.jar;D:\Program Files\Java\jdk1.7.0_80\jre\lib\javaws.jar;D:\Program Files\Java\jdk1.7.0_80\jre\lib\jce.jar;D:\Program Files\Java\jdk1.7.0_80\jre\lib\jfr.jar;D:\Program Files\Java\jdk1.7.0_80\jre\lib\jfxrt.jar;D:\Program Files\Java\jdk1.7.0_80\jre\lib\jsse.jar;D:\Program Files\Java\jdk1.7.0_80\jre\lib\management-agent.jar;D:\Program Files\Java\jdk1.7.0_80\jre\lib\plugin.jar;D:\Program Files\Java\jdk1.7.0_80\jre\lib\resources.jar;D:\Program Files\Java\jdk1.7.0_80\jre\lib\rt.jar;G:\java_project\fox\fox-demo\fox-server\target\classes;G:\maven\org\springframework\spring-context-support\3.1.2.RELEASE\spring-context-support-3.1.2.RELEASE.jar;G:\maven\org\springframework\spring-beans\3.1.2.RELEASE\spring-beans-3.1.2.RELEASE.jar;G:\maven\org\springframework\spring-context\3.1.2.RELEASE\spring-context-3.1.2.RELEASE.jar;G:\maven\org\springframework\spring-aop\3.1.2.RELEASE\spring-aop-3.1.2.RELEASE.jar;G:\maven\aopalliance\aopalliance\1.0\aopalliance-1.0.jar;G:\maven\org\springframework\spring-expression\3.1.2.RELEASE\spring-expression-3.1.2.RELEASE.jar;G:\maven\org\springframework\spring-asm\3.1.2.RELEASE\spring-asm-3.1.2.RELEASE.jar;G:\maven\org\springframework\spring-core\3.1.2.RELEASE\spring-core-3.1.2.RELEASE.jar;G:\maven\commons-logging\commons-logging\1.1.1\commons-logging-1.1.1.jar;G:\java_project\fox\fox-spring\fox-spring-config\target\classes;G:\java_project\fox\fox-remoting\target\classes;G:\java_project\fox\fox-config\target\classes;G:\maven\cglib\cglib\3.1\cglib-3.1.jar;G:\maven\org\ow2\asm\asm\4.2\asm-4.2.jar;G:\maven\commons-lang\commons-lang\2.6\commons-lang-2.6.jar;G:\java_project\fox\fox-registry-zookeeper\target\classes;G:\maven\org\slf4j\slf4j-log4j12\1.5.8\slf4j-log4j12-1.5.8.jar;G:\maven\org\slf4j\slf4j-api\1.5.8\slf4j-api-1.5.8.jar;G:\maven\log4j\log4j\1.2.14\log4j-1.2.14.jar;G:\maven\org\apache\zookeeper\zookeeper\3.4.6\zookeeper-3.4.6.jar;G:\maven\jline\jline\0.9.94\jline-0.9.94.jar;G:\maven\junit\junit\3.8.1\junit-3.8.1.jar;G:\maven\io\netty\netty\3.7.0.Final\netty-3.7.0.Final.jar;G:\maven\com\101tec\zkclient\0.4\zkclient-0.4.jar;G:\maven\org\apache\curator\curator-framework\2.7.1\curator-framework-2.7.1.jar;G:\maven\com\google\guava\guava\16.0.1\guava-16.0.1.jar;G:\maven\org\apache\curator\curator-client\2.7.1\curator-client-2.7.1.jar;G:\java_project\fox\fox-common\target\classes;G:\maven\io\netty\netty-all\4.0.26.Final\netty-all-4.0.26.Final.jar;G:\maven\com\dyuproject\protostuff\protostuff-core\1.0.9\protostuff-core-1.0.9.jar;G:\maven\com\dyuproject\protostuff\protostuff-api\1.0.9\protostuff-api-1.0.9.jar;G:\maven\com\dyuproject\protostuff\protostuff-runtime\1.0.9\protostuff-runtime-1.0.9.jar;G:\maven\com\dyuproject\protostuff\protostuff-collectionschema\1.0.9\protostuff-collectionschema-1.0.9.jar;G:\maven\org\objenesis\objenesis\2.1\objenesis-2.1.jar;G:\maven\org\apache\commons\commons-lang3\3.3.2\commons-lang3-3.3.2.jar;G:\maven\org\apache\commons\commons-collections4\4.0\commons-collections4-4.0.jar;G:\maven\com\caucho\hessian\3.1.5\hessian-3.1.5.jar;G:\maven\org\apache\curator\curator-recipes\2.7.1\curator-recipes-2.7.1.jar;G:\java_project\fox\fox-netty\target\classes;G:\java_project\fox\fox-demo\fox-api\target\classes;D:\Program Files (x86)\JetBrains\IntelliJ IDEA 2016.2.5\lib\idea_rt.jar
2017-04-17 15:53:30,123 - Client environment:java.library.path=D:\Program Files\Java\jdk1.7.0_80\bin;C:\windows\Sun\Java\bin;C:\windows\system32;C:\windows;C:\windows\system32;C:\windows;C:\windows\System32\Wbem;C:\windows\System32\WindowsPowerShell\v1.0\;D:\Program Files\Java\jdk1.7.0_80\bin;D:\Program Files\Java\jdk1.7.0_80\jre\bin;d:\Program Files\MATLAB\R2014a\runtime\win64;d:\Program Files\MATLAB\R2014a\bin;d:\Program Files\MATLAB\R2014a\polyspace\bin;G:\apache-maven-3.3.9\bin;D:\Program Files\nodejs\;C:\Program Files (x86)\GNU\GnuPG\pub;C:\Users\Administrator\AppData\Roaming\npm;.
2017-04-17 15:53:30,123 - Client environment:java.io.tmpdir=C:\Users\ADMINI~1\AppData\Local\Temp\
2017-04-17 15:53:30,123 - Client environment:java.compiler=<NA>
2017-04-17 15:53:30,123 - Client environment:os.name=Windows 7
2017-04-17 15:53:30,123 - Client environment:os.arch=amd64
2017-04-17 15:53:30,123 - Client environment:os.version=6.1
2017-04-17 15:53:30,123 - Client environment:user.name=Administrator
2017-04-17 15:53:30,123 - Client environment:user.home=E:
2017-04-17 15:53:30,123 - Client environment:user.dir=G:\java_project\fox
2017-04-17 15:53:30,124 - Initiating client connection, connectString=202.38.214.166 sessionTimeout=30000 watcher=org.apache.curator.ConnectionState@3759beff
2017-04-17 15:53:30,155 - Opening socket connection to server 202.38.214.166/202.38.214.166:2181. Will not attempt to authenticate using SASL (unknown error)
2017-04-17 15:53:30,157 - Socket connection established to 202.38.214.166/202.38.214.166:2181, initiating session
2017-04-17 15:53:30,191 - Connected to an old server; r-o mode will be unavailable
2017-04-17 15:53:30,191 - Session establishment complete on server 202.38.214.166/202.38.214.166:2181, sessionid = 0x15b7ad0e0aa0002, negotiated timeout = 30000
2017-04-17 15:53:30,197 - State change: CONNECTED
2017-04-17 15:53:30,198 - zookeeper state changed to CONNECTED
2017-04-17 15:53:31,200 - succeed to create zookeeper client, connected:true
2017-04-17 15:53:31,200 - succeed to initialize zookeeper client:202.38.214.166
2017-04-17 15:53:31,342 - server config:com.github.wenbo2018.fox.remoting.provider.config.ServerConfig@62db15e1
2017-04-17 15:53:31,426 - FOX SERVICE SUCCESS STARTED
2017-04-17 15:53:31,502 - zookeeper event received, type: NodeCreated, path: /fox/register/service.fox.com_helloTestService_helloService_1.0.0
2017-04-17 15:53:31,503 - create address node:
2017-04-17 15:53:31,503 - service register success:service.fox.com_helloTestService_helloService_1.0.0:202.38.214.166:4019
2017-04-17 15:53:31,503 - service register success:202.38.214.166:4019
2017-04-17 15:53:31,509 - Service address changed, path /fox/register/service.fox.com_helloTestService_helloService_1.0.0 value 202.38.214.166:4019
2017-04-17 15:53:31,509 - empty address list for service:service.fox.com_helloTestService_helloService_1.0.0
2017-04-17 15:53:31,510 - service host change:[com.github.wenbo2018.fox.common.HostInfo@87446cbc]
2017-04-17 15:53:31,510 - add service to referencedServiceAddresses:service.fox.com_helloTestService_helloService_1.0.0
2017-04-17 15:53:31,520 - add service to referencedServiceAddresses:[com.github.wenbo2018.fox.common.HostInfo@87446cbc]
2017-04-17 15:53:31,520 - register service success:service.fox.com_helloTestService_helloService_1.0.0
2017-04-17 15:53:31,546 - zookeeper event received, type: NodeCreated, path: /fox/register/service.fox.com_helloTestService_userService_1.0.0
2017-04-17 15:53:31,546 - create address node:
2017-04-17 15:53:31,546 - service register success:service.fox.com_helloTestService_userService_1.0.0:202.38.214.166:4019
2017-04-17 15:53:31,546 - service register success:202.38.214.166:4019
2017-04-17 15:53:31,546 - add service to referencedServiceAddresses:[com.github.wenbo2018.fox.common.HostInfo@87446cbc]
2017-04-17 15:53:31,547 - register service success:service.fox.com_helloTestService_userService_1.0.0
2017-04-17 15:53:31,548 - Service address changed, path /fox/register/service.fox.com_helloTestService_userService_1.0.0 value 202.38.214.166:4019
2017-04-17 15:53:31,548 - service host change:[com.github.wenbo2018.fox.common.HostInfo@87446cbc]
2017-04-17 15:56:37,903 - Refreshing org.springframework.context.support.ClassPathXmlApplicationContext@55cb5fea: startup date [Mon Apr 17 15:56:37 CST 2017]; root of context hierarchy
2017-04-17 15:56:37,950 - Loading XML bean definitions from class path resource [bean.xml]
2017-04-17 15:56:38,231 - Pre-instantiating singletons in org.springframework.beans.factory.support.DefaultListableBeanFactory@658981e0: defining beans [org.springframework.context.annotation.internalConfigurationAnnotationProcessor,org.springframework.context.annotation.internalAutowiredAnnotationProcessor,org.springframework.context.annotation.internalRequiredAnnotationProcessor,org.springframework.context.annotation.internalCommonAnnotationProcessor,helloService,userService,server1,foxService_1,foxService_2,org.springframework.context.annotation.ConfigurationClassPostProcessor$ImportAwareBeanPostProcessor#0]; root of factory hierarchy
2017-04-17 15:56:38,309 - serviceProxy:com.github.wenbo2018.fox.remoting.invoker.proxy.FilterRemotingServiceProxy@291e48e1
2017-04-17 15:56:38,340 - start to initialize zookeeper client:202.38.214.166
2017-04-17 15:56:38,371 - maxRetries too large (2147483647). Pinning to 29
2017-04-17 15:56:38,636 - Starting
2017-04-17 15:56:38,777 - Client environment:zookeeper.version=3.4.6-1569965, built on 02/20/2014 09:09 GMT
2017-04-17 15:56:38,777 - Client environment:host.name=SKY-20150908HA1
2017-04-17 15:56:38,777 - Client environment:java.version=1.7.0_80
2017-04-17 15:56:38,777 - Client environment:java.vendor=Oracle Corporation
2017-04-17 15:56:38,777 - Client environment:java.home=D:\Program Files\Java\jdk1.7.0_80\jre
2017-04-17 15:56:38,777 - Client environment:java.class.path=D:\Program Files\Java\jdk1.7.0_80\jre\lib\charsets.jar;D:\Program Files\Java\jdk1.7.0_80\jre\lib\deploy.jar;D:\Program Files\Java\jdk1.7.0_80\jre\lib\ext\access-bridge-64.jar;D:\Program Files\Java\jdk1.7.0_80\jre\lib\ext\dnsns.jar;D:\Program Files\Java\jdk1.7.0_80\jre\lib\ext\jaccess.jar;D:\Program Files\Java\jdk1.7.0_80\jre\lib\ext\localedata.jar;D:\Program Files\Java\jdk1.7.0_80\jre\lib\ext\sunec.jar;D:\Program Files\Java\jdk1.7.0_80\jre\lib\ext\sunjce_provider.jar;D:\Program Files\Java\jdk1.7.0_80\jre\lib\ext\sunmscapi.jar;D:\Program Files\Java\jdk1.7.0_80\jre\lib\ext\zipfs.jar;D:\Program Files\Java\jdk1.7.0_80\jre\lib\javaws.jar;D:\Program Files\Java\jdk1.7.0_80\jre\lib\jce.jar;D:\Program Files\Java\jdk1.7.0_80\jre\lib\jfr.jar;D:\Program Files\Java\jdk1.7.0_80\jre\lib\jfxrt.jar;D:\Program Files\Java\jdk1.7.0_80\jre\lib\jsse.jar;D:\Program Files\Java\jdk1.7.0_80\jre\lib\management-agent.jar;D:\Program Files\Java\jdk1.7.0_80\jre\lib\plugin.jar;D:\Program Files\Java\jdk1.7.0_80\jre\lib\resources.jar;D:\Program Files\Java\jdk1.7.0_80\jre\lib\rt.jar;G:\java_project\fox\fox-demo\fox-server\target\classes;G:\maven\org\springframework\spring-context-support\3.1.2.RELEASE\spring-context-support-3.1.2.RELEASE.jar;G:\maven\org\springframework\spring-beans\3.1.2.RELEASE\spring-beans-3.1.2.RELEASE.jar;G:\maven\org\springframework\spring-context\3.1.2.RELEASE\spring-context-3.1.2.RELEASE.jar;G:\maven\org\springframework\spring-aop\3.1.2.RELEASE\spring-aop-3.1.2.RELEASE.jar;G:\maven\aopalliance\aopalliance\1.0\aopalliance-1.0.jar;G:\maven\org\springframework\spring-expression\3.1.2.RELEASE\spring-expression-3.1.2.RELEASE.jar;G:\maven\org\springframework\spring-asm\3.1.2.RELEASE\spring-asm-3.1.2.RELEASE.jar;G:\maven\org\springframework\spring-core\3.1.2.RELEASE\spring-core-3.1.2.RELEASE.jar;G:\maven\commons-logging\commons-logging\1.1.1\commons-logging-1.1.1.jar;G:\java_project\fox\fox-spring\fox-spring-config\target\classes;G:\java_project\fox\fox-remoting\target\classes;G:\java_project\fox\fox-config\target\classes;G:\maven\cglib\cglib\3.1\cglib-3.1.jar;G:\maven\org\ow2\asm\asm\4.2\asm-4.2.jar;G:\maven\commons-lang\commons-lang\2.6\commons-lang-2.6.jar;G:\java_project\fox\fox-registry-zookeeper\target\classes;G:\maven\org\slf4j\slf4j-log4j12\1.5.8\slf4j-log4j12-1.5.8.jar;G:\maven\org\slf4j\slf4j-api\1.5.8\slf4j-api-1.5.8.jar;G:\maven\log4j\log4j\1.2.14\log4j-1.2.14.jar;G:\maven\org\apache\zookeeper\zookeeper\3.4.6\zookeeper-3.4.6.jar;G:\maven\jline\jline\0.9.94\jline-0.9.94.jar;G:\maven\junit\junit\3.8.1\junit-3.8.1.jar;G:\maven\io\netty\netty\3.7.0.Final\netty-3.7.0.Final.jar;G:\maven\com\101tec\zkclient\0.4\zkclient-0.4.jar;G:\maven\org\apache\curator\curator-framework\2.7.1\curator-framework-2.7.1.jar;G:\maven\com\google\guava\guava\16.0.1\guava-16.0.1.jar;G:\maven\org\apache\curator\curator-client\2.7.1\curator-client-2.7.1.jar;G:\java_project\fox\fox-common\target\classes;G:\maven\io\netty\netty-all\4.0.26.Final\netty-all-4.0.26.Final.jar;G:\maven\com\dyuproject\protostuff\protostuff-core\1.0.9\protostuff-core-1.0.9.jar;G:\maven\com\dyuproject\protostuff\protostuff-api\1.0.9\protostuff-api-1.0.9.jar;G:\maven\com\dyuproject\protostuff\protostuff-runtime\1.0.9\protostuff-runtime-1.0.9.jar;G:\maven\com\dyuproject\protostuff\protostuff-collectionschema\1.0.9\protostuff-collectionschema-1.0.9.jar;G:\maven\org\objenesis\objenesis\2.1\objenesis-2.1.jar;G:\maven\org\apache\commons\commons-lang3\3.3.2\commons-lang3-3.3.2.jar;G:\maven\org\apache\commons\commons-collections4\4.0\commons-collections4-4.0.jar;G:\maven\com\caucho\hessian\3.1.5\hessian-3.1.5.jar;G:\maven\org\apache\curator\curator-recipes\2.7.1\curator-recipes-2.7.1.jar;G:\java_project\fox\fox-netty\target\classes;G:\java_project\fox\fox-demo\fox-api\target\classes;D:\Program Files (x86)\JetBrains\IntelliJ IDEA 2016.2.5\lib\idea_rt.jar
2017-04-17 15:56:38,792 - Client environment:java.library.path=D:\Program Files\Java\jdk1.7.0_80\bin;C:\windows\Sun\Java\bin;C:\windows\system32;C:\windows;C:\windows\system32;C:\windows;C:\windows\System32\Wbem;C:\windows\System32\WindowsPowerShell\v1.0\;D:\Program Files\Java\jdk1.7.0_80\bin;D:\Program Files\Java\jdk1.7.0_80\jre\bin;d:\Program Files\MATLAB\R2014a\runtime\win64;d:\Program Files\MATLAB\R2014a\bin;d:\Program Files\MATLAB\R2014a\polyspace\bin;G:\apache-maven-3.3.9\bin;D:\Program Files\nodejs\;C:\Program Files (x86)\GNU\GnuPG\pub;C:\Users\Administrator\AppData\Roaming\npm;.
2017-04-17 15:56:38,792 - Client environment:java.io.tmpdir=C:\Users\ADMINI~1\AppData\Local\Temp\
2017-04-17 15:56:38,792 - Client environment:java.compiler=<NA>
2017-04-17 15:56:38,792 - Client environment:os.name=Windows 7
2017-04-17 15:56:38,792 - Client environment:os.arch=amd64
2017-04-17 15:56:38,792 - Client environment:os.version=6.1
2017-04-17 15:56:38,792 - Client environment:user.name=Administrator
2017-04-17 15:56:38,792 - Client environment:user.home=E:
2017-04-17 15:56:38,792 - Client environment:user.dir=G:\java_project\fox
2017-04-17 15:56:38,792 - Initiating client connection, connectString=202.38.214.166 sessionTimeout=30000 watcher=org.apache.curator.ConnectionState@1ee1f114
2017-04-17 15:56:38,824 - Opening socket connection to server 202.38.214.166/202.38.214.166:2181. Will not attempt to authenticate using SASL (unknown error)
2017-04-17 15:56:38,824 - Socket connection established to 202.38.214.166/202.38.214.166:2181, initiating session
2017-04-17 15:56:38,855 - Connected to an old server; r-o mode will be unavailable
2017-04-17 15:56:38,855 - Session establishment complete on server 202.38.214.166/202.38.214.166:2181, sessionid = 0x15b7ad0e0aa0004, negotiated timeout = 30000
2017-04-17 15:56:38,870 - State change: CONNECTED
2017-04-17 15:56:38,870 - zookeeper state changed to CONNECTED
2017-04-17 15:56:39,882 - succeed to create zookeeper client, connected:true
2017-04-17 15:56:39,882 - succeed to initialize zookeeper client:202.38.214.166
2017-04-17 15:56:39,975 - server config:com.github.wenbo2018.fox.remoting.provider.config.ServerConfig@5d8a421d
2017-04-17 15:56:40,053 - FOX SERVICE SUCCESS STARTED
2017-04-17 15:56:40,100 - zookeeper event received, type: NodeCreated, path: /fox/register/service.fox.com_helloTestService_helloService_1.0.0
2017-04-17 15:56:40,116 - create address node:
2017-04-17 15:56:40,116 - service register success:service.fox.com_helloTestService_helloService_1.0.0:202.38.214.166:4019
2017-04-17 15:56:40,116 - service register success:202.38.214.166:4019
2017-04-17 15:56:40,116 - Service address changed, path /fox/register/service.fox.com_helloTestService_helloService_1.0.0 value 202.38.214.166:4019
2017-04-17 15:56:40,116 - empty address list for service:service.fox.com_helloTestService_helloService_1.0.0
2017-04-17 15:56:40,116 - service host change:[com.github.wenbo2018.fox.common.HostInfo@87446cbc]
2017-04-17 15:56:40,116 - add service to referencedServiceAddresses:[com.github.wenbo2018.fox.common.HostInfo@87446cbc]
2017-04-17 15:56:40,116 - register service success:service.fox.com_helloTestService_helloService_1.0.0
2017-04-17 15:56:40,116 - add service to referencedServiceAddresses:service.fox.com_helloTestService_helloService_1.0.0
2017-04-17 15:56:40,131 - zookeeper event received, type: NodeCreated, path: /fox/register/service.fox.com_helloTestService_userService_1.0.0
2017-04-17 15:56:40,131 - create address node:
2017-04-17 15:56:40,131 - service register success:service.fox.com_helloTestService_userService_1.0.0:202.38.214.166:4019
2017-04-17 15:56:40,131 - service register success:202.38.214.166:4019
2017-04-17 15:56:40,147 - add service to referencedServiceAddresses:[com.github.wenbo2018.fox.common.HostInfo@87446cbc]
2017-04-17 15:56:40,147 - register service success:service.fox.com_helloTestService_userService_1.0.0
2017-04-17 15:56:40,147 - Service address changed, path /fox/register/service.fox.com_helloTestService_userService_1.0.0 value 202.38.214.166:4019
2017-04-17 15:56:40,147 - service host change:[com.github.wenbo2018.fox.common.HostInfo@87446cbc]
2017-04-17 15:56:52,974 - server caught exception
java.io.IOException: 远程主机强迫关闭了一个现有的连接。
	at sun.nio.ch.SocketDispatcher.read0(Native Method)
	at sun.nio.ch.SocketDispatcher.read(SocketDispatcher.java:43)
	at sun.nio.ch.IOUtil.readIntoNativeBuffer(IOUtil.java:223)
	at sun.nio.ch.IOUtil.read(IOUtil.java:192)
	at sun.nio.ch.SocketChannelImpl.read(SocketChannelImpl.java:384)
	at io.netty.buffer.UnpooledUnsafeDirectByteBuf.setBytes(UnpooledUnsafeDirectByteBuf.java:447)
	at io.netty.buffer.AbstractByteBuf.writeBytes(AbstractByteBuf.java:881)
	at io.netty.channel.socket.nio.NioSocketChannel.doReadBytes(NioSocketChannel.java:241)
	at io.netty.channel.nio.AbstractNioByteChannel$NioByteUnsafe.read(AbstractNioByteChannel.java:119)
	at io.netty.channel.nio.NioEventLoop.processSelectedKey(NioEventLoop.java:511)
	at io.netty.channel.nio.NioEventLoop.processSelectedKeysOptimized(NioEventLoop.java:468)
	at io.netty.channel.nio.NioEventLoop.processSelectedKeys(NioEventLoop.java:382)
	at io.netty.channel.nio.NioEventLoop.run(NioEventLoop.java:354)
	at io.netty.util.concurrent.SingleThreadEventExecutor$2.run(SingleThreadEventExecutor.java:111)
	at io.netty.util.concurrent.DefaultThreadFactory$DefaultRunnableDecorator.run(DefaultThreadFactory.java:137)
	at java.lang.Thread.run(Thread.java:745)
